instructs(BartSimpson,CPSC203,B04)
instructs(HomerSimpson,CPSC203,B05)
instructs(FatAlbert,CPSC203,B07)
instructs(DaffyDuck,CPSC203,B06)
instructs(LisaSimpson,CPSC203,B27)
instructs(BartSimpson,CPSC203,B59)
instructs(MargSimpson,CPSC203,B28)
instructs(HomerSimpson,CPSC203,B63)
instructs(Heard,CPSC203,B20)
instructs(Heard,CPSC203,B03)
instructs(LisaSimpson,CPSC203,B12)
instructs(Heard,CPSC203,B21)
instructs(LisaSimpson,CPSC203,B02)
instructs(BartSimpson,CPSC203,B29)
instructs(MargSimpson,CPSC203,B10)
instructs(Grinch,CPSC203,B30)
instructs(MargSimpson,CPSC203,B11)
instructs(Grinch,CPSC203,B24)
instructs(HomerSimpson,CPSC203,B17)
instructs(BugsBunny,CPSC203,B15)
instructs(Rocky,CPSC203,B23)
instructs(Bullwinkle,CPSC203,B13)
instructs(BugsBunny,CPSC203,B18)
instructs(BugsBunny,CPSC203,B01)
instructs(Rocky,CPSC203,B25)
instructs(Rocky,CPSC203,B08)
instructs(Bullwinkle,CPSC203,B19)
instructs(Bullwinkle,CPSC203,B26)
instructs(Grinch,CPSC203,B61)
instructs(FredFlintstone,CPSC203,B16)
instructs(BarneyRubble,CPSC203,B60)
instructs(FredFlintstone,CPSC203,B98)
instructs(FredFlintstone,CPSC203,B09)
instructs(BarneyRubble,CPSC203,B14)
instructs(AngelicaPickles,CPSC203,B22)
instructs(BarneyRubble,CPSC203,B62)
instructs(CharlieBrown,CPSC203,B97)
